<?xml version="1.0" encoding="UTF-8"?>
<!-- Generated by org.testng.reporters.JUnitXMLReporter -->
<testsuite ignored="0" hostname="Santoshs-MacBook-Pro.local" failures="0" tests="3" name="Default test" time="0.019" errors="0" timestamp="2024-02-21T23:28:34 CST">
  <testcase classname="santoshkedar.testDevOpsprocess.AMH_Test" name="AMH_Test_TC1" time="0.003"/>
  <testcase classname="santoshkedar.testDevOpsprocess.AMH_Test" name="AMH_Test_TC2" time="0.001"/>
  <testcase classname="santoshkedar.testDevOpsprocess.AMH_Test" name="AMH_Test_TC3" time="0.001"/>
</testsuite> <!-- Default test -->
