<?xml version="1.0" encoding="UTF-8"?>
<!-- Generated by org.testng.reporters.JUnitXMLReporter -->
<testsuite ignored="0" hostname="Santoshs-MacBook-Pro.local" failures="0" tests="15" name="Test" time="0.034" errors="0" timestamp="2024-02-22T01:49:30 CST">
  <testcase classname="santoshkedar.testDevOpsprocess.AIM_Test" name="AIM_Test_TC1" time="0.003"/>
  <testcase classname="santoshkedar.testDevOpsprocess.AIM_Test" name="AIM_Test_TC2" time="0.001"/>
  <testcase classname="santoshkedar.testDevOpsprocess.AIM_Test" name="AIM_Test_TC3" time="0.001"/>
  <testcase classname="santoshkedar.testDevOpsprocess.AMH_Test" name="AMH_Test_TC1" time="0.0"/>
  <testcase classname="santoshkedar.testDevOpsprocess.AMH_Test" name="AMH_Test_TC2" time="0.0"/>
  <testcase classname="santoshkedar.testDevOpsprocess.AMH_Test" name="AMH_Test_TC3" time="0.0"/>
  <testcase classname="santoshkedar.testDevOpsprocess.TRC_Test" name="TRC_Test_TC1" time="0.0"/>
  <testcase classname="santoshkedar.testDevOpsprocess.TRC_Test" name="TRC_Test_TC2" time="0.0"/>
  <testcase classname="santoshkedar.testDevOpsprocess.TRC_Test" name="TRC_Test_TC3" time="0.0"/>
  <testcase classname="santoshkedar.testDevOpsprocess.MGW_Test" name="MGW_Test_TC1" time="0.0"/>
  <testcase classname="santoshkedar.testDevOpsprocess.MGW_Test" name="MGW_Test_TC2" time="0.001"/>
  <testcase classname="santoshkedar.testDevOpsprocess.MGW_Test" name="MGW_Test_TC3" time="0.0"/>
  <testcase classname="santoshkedar.testDevOpsprocess.MTS_Test" name="MTS_Test_TC1" time="0.0"/>
  <testcase classname="santoshkedar.testDevOpsprocess.MTS_Test" name="MTS_Test_TC2" time="0.0"/>
  <testcase classname="santoshkedar.testDevOpsprocess.MTS_Test" name="MTS_Test_TC3" time="0.0"/>
</testsuite> <!-- Test -->
