<?xml version="1.0" encoding="UTF-8"?>
<testng-results ignored="0" total="15" passed="15" failed="0" skipped="0">
  <reporter-output>
  </reporter-output>
  <suite started-at="2024-02-22T01:49:30 CST" name="Suite" finished-at="2024-02-22T01:49:30 CST" duration-ms="34">
    <groups>
    </groups>
    <test started-at="2024-02-22T01:49:30 CST" name="Test" finished-at="2024-02-22T01:49:30 CST" duration-ms="34">
      <class name="santoshkedar.testDevOpsprocess.AIM_Test">
        <test-method signature="AIM_Test_TC1()[pri:0, instance:santoshkedar.testDevOpsprocess.AIM_Test@47faa49c]" started-at="2024-02-22T01:49:30 CST" name="AIM_Test_TC1" finished-at="2024-02-22T01:49:30 CST" duration-ms="3" status="PASS">
          <reporter-output>
          </reporter-output>
        </test-method> <!-- AIM_Test_TC1 -->
        <test-method signature="AIM_Test_TC2()[pri:0, instance:santoshkedar.testDevOpsprocess.AIM_Test@47faa49c]" started-at="2024-02-22T01:49:30 CST" name="AIM_Test_TC2" finished-at="2024-02-22T01:49:30 CST" duration-ms="1" status="PASS">
          <reporter-output>
          </reporter-output>
        </test-method> <!-- AIM_Test_TC2 -->
        <test-method signature="AIM_Test_TC3()[pri:0, instance:santoshkedar.testDevOpsprocess.AIM_Test@47faa49c]" started-at="2024-02-22T01:49:30 CST" name="AIM_Test_TC3" finished-at="2024-02-22T01:49:30 CST" duration-ms="1" status="PASS">
          <reporter-output>
          </reporter-output>
        </test-method> <!-- AIM_Test_TC3 -->
      </class> <!-- santoshkedar.testDevOpsprocess.AIM_Test -->
      <class name="santoshkedar.testDevOpsprocess.TRC_Test">
        <test-method signature="TRC_Test_TC1()[pri:0, instance:santoshkedar.testDevOpsprocess.TRC_Test@7e7be63f]" started-at="2024-02-22T01:49:30 CST" name="TRC_Test_TC1" finished-at="2024-02-22T01:49:30 CST" duration-ms="0" status="PASS">
          <reporter-output>
          </reporter-output>
        </test-method> <!-- TRC_Test_TC1 -->
        <test-method signature="TRC_Test_TC2()[pri:0, instance:santoshkedar.testDevOpsprocess.TRC_Test@7e7be63f]" started-at="2024-02-22T01:49:30 CST" name="TRC_Test_TC2" finished-at="2024-02-22T01:49:30 CST" duration-ms="0" status="PASS">
          <reporter-output>
          </reporter-output>
        </test-method> <!-- TRC_Test_TC2 -->
        <test-method signature="TRC_Test_TC3()[pri:0, instance:santoshkedar.testDevOpsprocess.TRC_Test@7e7be63f]" started-at="2024-02-22T01:49:30 CST" name="TRC_Test_TC3" finished-at="2024-02-22T01:49:30 CST" duration-ms="0" status="PASS">
          <reporter-output>
          </reporter-output>
        </test-method> <!-- TRC_Test_TC3 -->
      </class> <!-- santoshkedar.testDevOpsprocess.TRC_Test -->
      <class name="santoshkedar.testDevOpsprocess.AMH_Test">
        <test-method signature="AMH_Test_TC1()[pri:0, instance:santoshkedar.testDevOpsprocess.AMH_Test@5acf93bb]" started-at="2024-02-22T01:49:30 CST" name="AMH_Test_TC1" finished-at="2024-02-22T01:49:30 CST" duration-ms="0" status="PASS">
          <reporter-output>
          </reporter-output>
        </test-method> <!-- AMH_Test_TC1 -->
        <test-method signature="AMH_Test_TC2()[pri:0, instance:santoshkedar.testDevOpsprocess.AMH_Test@5acf93bb]" started-at="2024-02-22T01:49:30 CST" name="AMH_Test_TC2" finished-at="2024-02-22T01:49:30 CST" duration-ms="0" status="PASS">
          <reporter-output>
          </reporter-output>
        </test-method> <!-- AMH_Test_TC2 -->
        <test-method signature="AMH_Test_TC3()[pri:0, instance:santoshkedar.testDevOpsprocess.AMH_Test@5acf93bb]" started-at="2024-02-22T01:49:30 CST" name="AMH_Test_TC3" finished-at="2024-02-22T01:49:30 CST" duration-ms="0" status="PASS">
          <reporter-output>
          </reporter-output>
        </test-method> <!-- AMH_Test_TC3 -->
      </class> <!-- santoshkedar.testDevOpsprocess.AMH_Test -->
      <class name="santoshkedar.testDevOpsprocess.MGW_Test">
        <test-method signature="MGW_Test_TC2()[pri:0, instance:santoshkedar.testDevOpsprocess.MGW_Test@6cd28fa7]" started-at="2024-02-22T01:49:30 CST" name="MGW_Test_TC2" finished-at="2024-02-22T01:49:30 CST" duration-ms="1" status="PASS">
          <reporter-output>
          </reporter-output>
        </test-method> <!-- MGW_Test_TC2 -->
        <test-method signature="MGW_Test_TC1()[pri:0, instance:santoshkedar.testDevOpsprocess.MGW_Test@6cd28fa7]" started-at="2024-02-22T01:49:30 CST" name="MGW_Test_TC1" finished-at="2024-02-22T01:49:30 CST" duration-ms="0" status="PASS">
          <reporter-output>
          </reporter-output>
        </test-method> <!-- MGW_Test_TC1 -->
        <test-method signature="MGW_Test_TC3()[pri:0, instance:santoshkedar.testDevOpsprocess.MGW_Test@6cd28fa7]" started-at="2024-02-22T01:49:30 CST" name="MGW_Test_TC3" finished-at="2024-02-22T01:49:30 CST" duration-ms="0" status="PASS">
          <reporter-output>
          </reporter-output>
        </test-method> <!-- MGW_Test_TC3 -->
      </class> <!-- santoshkedar.testDevOpsprocess.MGW_Test -->
      <class name="santoshkedar.testDevOpsprocess.MTS_Test">
        <test-method signature="MTS_Test_TC1()[pri:0, instance:santoshkedar.testDevOpsprocess.MTS_Test@614ca7df]" started-at="2024-02-22T01:49:30 CST" name="MTS_Test_TC1" finished-at="2024-02-22T01:49:30 CST" duration-ms="0" status="PASS">
          <reporter-output>
          </reporter-output>
        </test-method> <!-- MTS_Test_TC1 -->
        <test-method signature="MTS_Test_TC2()[pri:0, instance:santoshkedar.testDevOpsprocess.MTS_Test@614ca7df]" started-at="2024-02-22T01:49:30 CST" name="MTS_Test_TC2" finished-at="2024-02-22T01:49:30 CST" duration-ms="0" status="PASS">
          <reporter-output>
          </reporter-output>
        </test-method> <!-- MTS_Test_TC2 -->
        <test-method signature="MTS_Test_TC3()[pri:0, instance:santoshkedar.testDevOpsprocess.MTS_Test@614ca7df]" started-at="2024-02-22T01:49:30 CST" name="MTS_Test_TC3" finished-at="2024-02-22T01:49:30 CST" duration-ms="0" status="PASS">
          <reporter-output>
          </reporter-output>
        </test-method> <!-- MTS_Test_TC3 -->
      </class> <!-- santoshkedar.testDevOpsprocess.MTS_Test -->
    </test> <!-- Test -->
  </suite> <!-- Suite -->
</testng-results>
