<?xml version="1.0" encoding="UTF-8"?>
<testng-results ignored="0" total="12" passed="12" failed="0" skipped="0">
  <reporter-output>
  </reporter-output>
  <suite started-at="2024-02-21T23:30:36 CST" name="Suite" finished-at="2024-02-21T23:30:36 CST" duration-ms="31">
    <groups>
    </groups>
    <test started-at="2024-02-21T23:30:36 CST" name="Test" finished-at="2024-02-21T23:30:36 CST" duration-ms="31">
      <class name="santoshkedar.testDevOpsprocess.AIM_Test">
        <test-method signature="AIM_Test_TC1()[pri:0, instance:santoshkedar.testDevOpsprocess.AIM_Test@4d0f2471]" started-at="2024-02-21T23:30:36 CST" name="AIM_Test_TC1" finished-at="2024-02-21T23:30:36 CST" duration-ms="3" status="PASS">
          <reporter-output>
          </reporter-output>
        </test-method> <!-- AIM_Test_TC1 -->
        <test-method signature="AIM_Test_TC2()[pri:0, instance:santoshkedar.testDevOpsprocess.AIM_Test@4d0f2471]" started-at="2024-02-21T23:30:36 CST" name="AIM_Test_TC2" finished-at="2024-02-21T23:30:36 CST" duration-ms="0" status="PASS">
          <reporter-output>
          </reporter-output>
        </test-method> <!-- AIM_Test_TC2 -->
        <test-method signature="AIM_Test_TC3()[pri:0, instance:santoshkedar.testDevOpsprocess.AIM_Test@4d0f2471]" started-at="2024-02-21T23:30:36 CST" name="AIM_Test_TC3" finished-at="2024-02-21T23:30:36 CST" duration-ms="1" status="PASS">
          <reporter-output>
          </reporter-output>
        </test-method> <!-- AIM_Test_TC3 -->
      </class> <!-- santoshkedar.testDevOpsprocess.AIM_Test -->
      <class name="santoshkedar.testDevOpsprocess.TRC_Test">
        <test-method signature="TRC_Test_TC1()[pri:0, instance:santoshkedar.testDevOpsprocess.TRC_Test@2f217633]" started-at="2024-02-21T23:30:36 CST" name="TRC_Test_TC1" finished-at="2024-02-21T23:30:36 CST" duration-ms="0" status="PASS">
          <reporter-output>
          </reporter-output>
        </test-method> <!-- TRC_Test_TC1 -->
        <test-method signature="TRC_Test_TC2()[pri:0, instance:santoshkedar.testDevOpsprocess.TRC_Test@2f217633]" started-at="2024-02-21T23:30:36 CST" name="TRC_Test_TC2" finished-at="2024-02-21T23:30:36 CST" duration-ms="0" status="PASS">
          <reporter-output>
          </reporter-output>
        </test-method> <!-- TRC_Test_TC2 -->
        <test-method signature="TRC_Test_TC3()[pri:0, instance:santoshkedar.testDevOpsprocess.TRC_Test@2f217633]" started-at="2024-02-21T23:30:36 CST" name="TRC_Test_TC3" finished-at="2024-02-21T23:30:36 CST" duration-ms="0" status="PASS">
          <reporter-output>
          </reporter-output>
        </test-method> <!-- TRC_Test_TC3 -->
      </class> <!-- santoshkedar.testDevOpsprocess.TRC_Test -->
      <class name="santoshkedar.testDevOpsprocess.AMH_Test">
        <test-method signature="AMH_Test_TC1()[pri:0, instance:santoshkedar.testDevOpsprocess.AMH_Test@48f278eb]" started-at="2024-02-21T23:30:36 CST" name="AMH_Test_TC1" finished-at="2024-02-21T23:30:36 CST" duration-ms="0" status="PASS">
          <reporter-output>
          </reporter-output>
        </test-method> <!-- AMH_Test_TC1 -->
        <test-method signature="AMH_Test_TC2()[pri:0, instance:santoshkedar.testDevOpsprocess.AMH_Test@48f278eb]" started-at="2024-02-21T23:30:36 CST" name="AMH_Test_TC2" finished-at="2024-02-21T23:30:36 CST" duration-ms="0" status="PASS">
          <reporter-output>
          </reporter-output>
        </test-method> <!-- AMH_Test_TC2 -->
        <test-method signature="AMH_Test_TC3()[pri:0, instance:santoshkedar.testDevOpsprocess.AMH_Test@48f278eb]" started-at="2024-02-21T23:30:36 CST" name="AMH_Test_TC3" finished-at="2024-02-21T23:30:36 CST" duration-ms="0" status="PASS">
          <reporter-output>
          </reporter-output>
        </test-method> <!-- AMH_Test_TC3 -->
      </class> <!-- santoshkedar.testDevOpsprocess.AMH_Test -->
      <class name="santoshkedar.testDevOpsprocess.MGW_Test">
        <test-method signature="MGW_Test_TC1()[pri:0, instance:santoshkedar.testDevOpsprocess.MGW_Test@a530d0a]" started-at="2024-02-21T23:30:36 CST" name="MGW_Test_TC1" finished-at="2024-02-21T23:30:36 CST" duration-ms="0" status="PASS">
          <reporter-output>
          </reporter-output>
        </test-method> <!-- MGW_Test_TC1 -->
        <test-method signature="MGW_Test_TC2()[pri:0, instance:santoshkedar.testDevOpsprocess.MGW_Test@a530d0a]" started-at="2024-02-21T23:30:36 CST" name="MGW_Test_TC2" finished-at="2024-02-21T23:30:36 CST" duration-ms="1" status="PASS">
          <reporter-output>
          </reporter-output>
        </test-method> <!-- MGW_Test_TC2 -->
        <test-method signature="MGW_Test_TC3()[pri:0, instance:santoshkedar.testDevOpsprocess.MGW_Test@a530d0a]" started-at="2024-02-21T23:30:36 CST" name="MGW_Test_TC3" finished-at="2024-02-21T23:30:36 CST" duration-ms="1" status="PASS">
          <reporter-output>
          </reporter-output>
        </test-method> <!-- MGW_Test_TC3 -->
      </class> <!-- santoshkedar.testDevOpsprocess.MGW_Test -->
    </test> <!-- Test -->
  </suite> <!-- Suite -->
</testng-results>
